<?xml version="1.0" encoding="UTF-8"?>
<!-- Generated by org.testng.reporters.JUnitReportReporter -->
<testsuite hostname="DESKTOP-VM4G1KR" failures="0" tests="8" name="day2.PositiveTest" time="5.206" errors="0" timestamp="08 Oct 2021 06:40:03 GMT" skipped="3">
  <testcase classname="day2.PositiveTest" name="addContact" time="3.347"/>
  <testcase classname="day2.PositiveTest" name="getSpecificContact4" time="0.459"/>
  <testcase classname="day2.PositiveTest" name="updateContact" time="0.461"/>
  <testcase classname="day2.PositiveTest" name="getSpecificContact3" time="0.471"/>
  <testcase classname="day2.PositiveTest" name="deleteContact" time="0.468"/>
  <testcase classname="day2.PositiveTest" name="getAllContactList">
    <skipped/>
  </testcase> <!-- getAllContactList -->
  <testcase classname="day2.PositiveTest" name="getSpecificContact2">
    <skipped/>
  </testcase> <!-- getSpecificContact2 -->
  <testcase classname="day2.PositiveTest" name="getSpecificContact">
    <skipped/>
  </testcase> <!-- getSpecificContact -->
</testsuite> <!-- day2.PositiveTest -->
