<?xml version="1.0" encoding="UTF-8"?>
<!-- Generated by org.testng.reporters.JUnitReportReporter -->
<testsuite hostname="DESKTOP-VM4G1KR" failures="0" tests="8" name="day2.PositiveContactListTest" time="12.868" errors="0" timestamp="08 Oct 2021 08:40:37 GMT" skipped="0">
  <testcase classname="day2.PositiveContactListTest" name="getAllContactListInfo" time="6.375"/>
  <testcase classname="day2.PositiveContactListTest" name="getSpecificContactInfo2" time="0.468"/>
  <testcase classname="day2.PositiveContactListTest" name="getSpecificContact4" time="0.451"/>
  <testcase classname="day2.PositiveContactListTest" name="deletingContact" time="0.452"/>
  <testcase classname="day2.PositiveContactListTest" name="updatingContact" time="0.469"/>
  <testcase classname="day2.PositiveContactListTest" name="addingContact" time="3.739"/>
  <testcase classname="day2.PositiveContactListTest" name="getSpecificContactInfo1" time="0.460"/>
  <testcase classname="day2.PositiveContactListTest" name="getSpecificContactInfo3" time="0.454"/>
</testsuite> <!-- day2.PositiveContactListTest -->
