<?xml version="1.0" encoding="UTF-8"?>
<!-- Generated by org.testng.reporters.JUnitReportReporter -->
<testsuite hostname="DESKTOP-VM4G1KR" failures="0" tests="4" name="day1.WeatherApi" time="3.500" errors="0" timestamp="08 Oct 2021 04:15:15 GMT" skipped="2">
  <testcase classname="day1.WeatherApi" name="getWeather2" time="0.441"/>
  <testcase classname="day1.WeatherApi" name="getWeather" time="3.059"/>
  <testcase classname="day1.WeatherApi" name="getWeather4">
    <skipped/>
  </testcase> <!-- getWeather4 -->
  <testcase classname="day1.WeatherApi" name="getWeather3">
    <skipped/>
  </testcase> <!-- getWeather3 -->
</testsuite> <!-- day1.WeatherApi -->
