<?xml version="1.0" encoding="UTF-8"?>
<!-- Generated by org.testng.reporters.JUnitReportReporter -->
<testsuite hostname="DESKTOP-VM4G1KR" failures="0" tests="2" name="day2.Github" time="3.517" errors="0" timestamp="08 Oct 2021 10:01:36 GMT" skipped="0">
  <testcase classname="day2.Github" name="gettingAllRepos" time="0.463"/>
  <testcase classname="day2.Github" name="creatingRepos" time="3.054"/>
</testsuite> <!-- day2.Github -->
