<?xml version="1.0" encoding="UTF-8"?>
<!-- Generated by org.testng.reporters.JUnitReportReporter -->
<testsuite hostname="DESKTOP-VM4G1KR" failures="0" tests="5" name="day2.NegativeContactListTest" time="6.003" errors="0" timestamp="08 Oct 2021 07:25:11 GMT" skipped="0">
  <testcase classname="day2.NegativeContactListTest" name="RecordNotFound" time="3.078"/>
  <testcase classname="day2.NegativeContactListTest" name="addingContactTooManyChar" time="0.487"/>
  <testcase classname="day2.NegativeContactListTest" name="addingContact" time="1.440"/>
  <testcase classname="day2.NegativeContactListTest" name="invalidEmail" time="0.516"/>
  <testcase classname="day2.NegativeContactListTest" name="invalidFirstName" time="0.482"/>
</testsuite> <!-- day2.NegativeContactListTest -->
